<?xml version="1.0" encoding="UTF-8"?>
<!-- Generated by org.testng.reporters.JUnitXMLReporter -->
<testsuite hostname="DESKTOP-M42G5V1" ignored="0" name="Test" tests="5" failures="1" timestamp="19 Mar 2022 17:34:27 GMT" time="0.156" errors="0">
  <testcase name="Sample2" time="0.033" classname="com.tcs.aig.sample.SampleTwo">
    <skipped/>
  </testcase> <!-- Sample2 -->
  <testcase name="Sample2" time="0.003" classname="com.tcs.aig.sample.SampleTwo">
    <skipped/>
  </testcase> <!-- Sample2 -->
  <testcase name="Sample2" time="0.005" classname="com.tcs.aig.sample.SampleTwo">
    <skipped/>
  </testcase> <!-- Sample2 -->
  <testcase name="Sample2" time="0.003" classname="com.tcs.aig.sample.SampleTwo">
    <skipped/>
  </testcase> <!-- Sample2 -->
  <testcase name="Sample2" time="0.003" classname="com.tcs.aig.sample.SampleTwo">
    <failure type="java.lang.AssertionError" message="expected [false] but found [true]">
      <![CDATA[java.lang.AssertionError: expected [false] but found [true]
at com.tcs.aig.sample.SampleTwo.Sample2(SampleTwo.java:10)
... Removed 31 stack frames]]>
    </failure>
  </testcase> <!-- Sample2 -->
</testsuite> <!-- Test -->
